<?xml version="1.0" encoding="UTF-8"?>
<!-- Generated by org.testng.reporters.JUnitReportReporter -->
<testsuite hostname="DESKTOP-CSDR9DJ" failures="0" tests="1" name="scripts.Testcase2" time="0.011" errors="0" timestamp="2022-12-15T10:25:28 EST" skipped="0">
  <testcase classname="scripts.Testcase2" name="tc2" time="0.011"/>
  <system-out>
    <![CDATA[hello selenium]]>
  </system-out>
</testsuite> <!-- scripts.Testcase2 -->
