<?xml version="1.0" encoding="UTF-8"?>
<!-- Generated by org.testng.reporters.JUnitReportReporter -->
<testsuite hostname="DESKTOP-CSDR9DJ" failures="0" tests="1" name="scripts.Testcase1" time="0.002" errors="0" timestamp="2022-12-15T10:25:28 EST" skipped="0">
  <testcase classname="scripts.Testcase1" name="tc1" time="0.002"/>
  <system-out>
    <![CDATA[hellojava]]>
  </system-out>
</testsuite> <!-- scripts.Testcase1 -->
